<?xml version="1.0" encoding="UTF-8"?>
<testng-results ignored="0" total="1" passed="1" failed="0" skipped="0">
  <reporter-output>
  </reporter-output>
  <suite started-at="2023-03-21T16:13:00 CET" name="Default suite" finished-at="2023-03-21T16:13:08 CET" duration-ms="7934">
    <groups>
    </groups>
    <test started-at="2023-03-21T16:13:00 CET" name="Default test" finished-at="2023-03-21T16:13:08 CET" duration-ms="7934">
      <class name="Action.Test002">
        <test-method signature="browserLaunchTest()[pri:0, instance:Action.Test002@7205765b]" started-at="2023-03-21T16:13:00 CET" name="browserLaunchTest" finished-at="2023-03-21T16:13:08 CET" duration-ms="7849" status="PASS">
          <reporter-output>
          </reporter-output>
        </test-method> <!-- browserLaunchTest -->
      </class> <!-- Action.Test002 -->
    </test> <!-- Default test -->
  </suite> <!-- Default suite -->
</testng-results>
